<?xml version="1.0" encoding="UTF-8"?>
<testsuite xmlns:xsi="http://www.w3.org/2001/XMLSchema-instance" xsi:noNamespaceSchemaLocation="https://maven.apache.org/surefire/maven-surefire-plugin/xsd/surefire-test-report-3.0.xsd" version="3.0" name="com.example.payrollpublisher.controller.PayrollRequestControllerTest" time="2.321" tests="3" errors="0" skipped="0" failures="0">
  <properties>
[...]
</properties>
  <testcase name="shouldReturnAcceptedWhenRequestIsValid" classname="com.example.payrollpublisher.controller.PayrollRequestControllerTest" time="0.299">
    <system-out><![CDATA[17:28:53.900 [main] INFO org.springframework.test.context.support.AnnotationConfigContextLoaderUtils -- Could not detect default configuration classes for test class [com.example.payrollpublisher.controller.PayrollRequestControllerTest]: PayrollRequestControllerTest does not declare any static, non-private, non-final, nested classes annotated with @Configuration.
17:28:54.080 [main] INFO org.springframework.boot.test.context.SpringBootTestContextBootstrapper -- Found @SpringBootConfiguration com.example.payrollpublisher.PayrollPublisherApplication for test class com.example.payrollpublisher.controller.PayrollRequestControllerTest

  .   ____          _            __ _ _
 /\\ / ___'_ __ _ _(_)_ __  __ _ \ \ \ \
( ( )\___ | '_ | '_| | '_ \/ _` | \ \ \ \
 \\/  ___)| |_)| | | | | || (_| |  ) ) ) )
  '  |____| .__|_| |_|_| |_\__, | / / / /
 =========|_|==============|___/=/_/_/_/

 :: Spring Boot ::                (v3.3.4)

2026-03-13 17:28:54.568 INFO  c.e.p.c.PayrollRequestControllerTest - Starting PayrollRequestControllerTest using Java 21.0.10 with PID 2912 (started by Thallyson in C:\Workspace\payroll-generation-request-publisher)
2026-03-13 17:28:54.569 DEBUG c.e.p.c.PayrollRequestControllerTest - Running with Spring Boot v3.3.4, Spring v6.1.13
2026-03-13 17:28:54.569 INFO  c.e.p.c.PayrollRequestControllerTest - No active profile set, falling back to 1 default profile: "default"
2026-03-13 17:28:55.691 INFO  o.s.b.t.m.w.SpringBootMockServletContext - Initializing Spring TestDispatcherServlet ''
2026-03-13 17:28:55.691 INFO  o.s.t.w.s.TestDispatcherServlet - Initializing Servlet ''
2026-03-13 17:28:55.694 INFO  o.s.t.w.s.TestDispatcherServlet - Completed initialization in 2 ms
2026-03-13 17:28:55.726 INFO  c.e.p.c.PayrollRequestControllerTest - Started PayrollRequestControllerTest in 1.551 seconds (process running for 3.945)
2026-03-13 17:28:55.969 TRACE c.e.p.c.PayrollRequestController - Received payslip generation request payload
2026-03-13 17:28:55.970 DEBUG c.e.p.c.PayrollRequestController - Validating request payload: employeeId=**p-1 companyId=***p-1 requesterId=**q-1 month=5 year=2025
2026-03-13 17:28:55.970 INFO  c.e.p.c.PayrollRequestController - Payslip generation request accepted. requestId=request-123
]]></system-out>
  </testcase>
  <testcase name="shouldReturnStandardizedBusinessErrorWhenYearIsTooHigh" classname="com.example.payrollpublisher.controller.PayrollRequestControllerTest" time="0.026">
    <system-out><![CDATA[2026-03-13 17:28:56.042 TRACE c.e.p.c.PayrollRequestController - Received payslip generation request payload
2026-03-13 17:28:56.042 DEBUG c.e.p.c.PayrollRequestController - Validating request payload: employeeId=**p-1 companyId=***p-1 requesterId=**q-1 month=12 year=2028
2026-03-13 17:28:56.046 ERROR c.e.p.c.PayrollRequestController - Business rule validation failure: year cannot be greater than 2027
]]></system-out>
  </testcase>
  <testcase name="shouldReturnStandardizedValidationErrorWhenMonthIsInvalid" classname="com.example.payrollpublisher.controller.PayrollRequestControllerTest" time="0.012">
    <system-out><![CDATA[2026-03-13 17:28:56.074 WARN  c.e.p.c.PayrollRequestController - Bean validation failed: [month: month must be between 1 and 12]
]]></system-out>
  </testcase>
</testsuite>