<?xml version="1.0" encoding="UTF-8"?>
<testsuite xmlns:xsi="http://www.w3.org/2001/XMLSchema-instance" xsi:noNamespaceSchemaLocation="https://maven.apache.org/surefire/maven-surefire-plugin/xsd/surefire-test-report-3.0.xsd" version="3.0" name="com.example.payrollpublisher.controller.PayrollGenerationRequestPublisherTest" time="1.419" tests="2" errors="0" skipped="0" failures="0">
  <properties>
[...]
</properties>
  <testcase name="publish_whenRequestIsValid_shouldSendMessageToBroker" classname="com.example.payrollpublisher.controller.PayrollGenerationRequestPublisherTest" time="1.363">
    <system-out><![CDATA[17:28:53.685 [main] INFO com.example.payrollpublisher.controller.PayrollGenerationRequestPublisher -- Preparing to publish payroll generation request for employee: emp123
17:28:53.695 [main] INFO com.example.payrollpublisher.controller.PayrollGenerationRequestPublisher -- Message sent to broker
]]></system-out>
    <system-err><![CDATA[WARNING: A Java agent has been loaded dynamically (C:\Users\Thallyson\.m2\repository\net\bytebuddy\byte-buddy-agent\1.14.19\byte-buddy-agent-1.14.19.jar)
WARNING: If a serviceability tool is in use, please run with -XX:+EnableDynamicAgentLoading to hide this warning
WARNING: If a serviceability tool is not in use, please run with -Djdk.instrument.traceUsage for more information
WARNING: Dynamic loading of agents will be disallowed by default in a future release
]]></system-err>
  </testcase>
  <testcase name="publish_whenSerializationFails_shouldThrowExceptionAndNotSend" classname="com.example.payrollpublisher.controller.PayrollGenerationRequestPublisherTest" time="0.015">
    <system-out><![CDATA[17:28:53.738 [main] INFO com.example.payrollpublisher.controller.PayrollGenerationRequestPublisher -- Preparing to publish payroll generation request for employee: emp123
]]></system-out>
  </testcase>
</testsuite>